# JRE version: OpenJDK Runtime Environment Corretto-22.0.1.8.1 (22.0.1+8) (build 22.0.1+8-FR)
# Java VM: OpenJDK 64-Bit Server VM Corretto-22.0.1.8.1 (22.0.1+8-FR, mixed mode, emulated-client, sharing, tiered, compressed oops, compressed class ptrs, g1 gc, linux-amd64)
GC Precious Log:
 CardTable entry size: 512
 Card Set container configuration: InlinePtr #cards 4 size 8 Array Of Cards #cards 16 size 48 Howl #buckets 8 coarsen threshold 3686 Howl Bitmap #cards 512 size 80 coarsen threshold 460 Card regions per heap region 1 cards per card region 4096
 CPUs: 4 total, 4 available
 Memory: 11828M
 Large Page Support: Disabled
 NUMA Support: Disabled
 Compressed Oops: Enabled (Zero based)
 Heap Region Size: 2M
 Heap Min Capacity: 8M
 Heap Initial Capacity: 186M
 Heap Max Capacity: 2958M
 Pre-touch: Disabled
 Parallel Workers: 4
 Concurrent Workers: 1
 Concurrent Refinement Workers: 4
 Periodic GC: Disabled
Heap:
 garbage-first heap   total reserved 3028992K, committed 79872K, used 64393K [0x0000000747200000, 0x0000000800000000)
  region size 2048K, 4 young (8192K), 1 survivors (2048K)
 Metaspace       used 36790K, committed 37248K, reserved 1114112K
  class space    used 4891K, committed 5120K, reserved 1048576K
GC Heap History (16 events):
Event: 0.687 GC heap before
{Heap before GC invocations=0 (full 0):
 garbage-first heap   total reserved 3028992K, committed 192512K, used 13346K [0x0000000747200000, 0x0000000800000000)
  region size 2048K, 7 young (14336K), 0 survivors (0K)
 Metaspace       used 4873K, committed 5056K, reserved 1114112K
  class space    used 584K, committed 704K, reserved 1048576K
}
Event: 0.694 GC heap after
{Heap after GC invocations=1 (full 0):
 garbage-first heap   total reserved 3028992K, committed 192512K, used 6777K [0x0000000747200000, 0x0000000800000000)
  region size 2048K, 1 young (2048K), 1 survivors (2048K)
 Metaspace       used 4873K, committed 5056K, reserved 1114112K
  class space    used 584K, committed 704K, reserved 1048576K
}
Event: 1.196 GC heap before
{Heap before GC invocations=1 (full 0):
 garbage-first heap   total reserved 3028992K, committed 192512K, used 19065K [0x0000000747200000, 0x0000000800000000)
  region size 2048K, 7 young (14336K), 1 survivors (2048K)
 Metaspace       used 8206K, committed 8448K, reserved 1114112K
  class space    used 1025K, committed 1152K, reserved 1048576K
}
Event: 1.209 GC heap after
{Heap after GC invocations=2 (full 0):
 garbage-first heap   total reserved 3028992K, committed 192512K, used 8604K [0x0000000747200000, 0x0000000800000000)
  region size 2048K, 1 young (2048K), 1 survivors (2048K)
 Metaspace       used 8206K, committed 8448K, reserved 1114112K
  class space    used 1025K, committed 1152K, reserved 1048576K
}
Event: 1.806 GC heap before
{Heap before GC invocations=2 (full 0):
 garbage-first heap   total reserved 3028992K, committed 192512K, used 37276K [0x0000000747200000, 0x0000000800000000)
  region size 2048K, 16 young (32768K), 1 survivors (2048K)
 Metaspace       used 16892K, committed 17152K, reserved 1114112K
  class space    used 2196K, committed 2304K, reserved 1048576K
}
Event: 1.812 GC heap after
{Heap after GC invocations=3 (full 0):
 garbage-first heap   total reserved 3028992K, committed 192512K, used 10662K [0x0000000747200000, 0x0000000800000000)
  region size 2048K, 2 young (4096K), 2 survivors (4096K)
 Metaspace       used 16892K, committed 17152K, reserved 1114112K
  class space    used 2196K, committed 2304K, reserved 1048576K
}
Event: 2.401 GC heap before
{Heap before GC invocations=3 (full 0):
 garbage-first heap   total reserved 3028992K, committed 192512K, used 43430K [0x0000000747200000, 0x0000000800000000)
  region size 2048K, 19 young (38912K), 2 survivors (4096K)
 Metaspace       used 21192K, committed 21504K, reserved 1114112K
  class space    used 2807K, committed 2944K, reserved 1048576K
}
Event: 2.408 GC heap after
{Heap after GC invocations=4 (full 0):
 garbage-first heap   total reserved 3028992K, committed 192512K, used 13347K [0x0000000747200000, 0x0000000800000000)
  region size 2048K, 4 young (8192K), 4 survivors (8192K)
 Metaspace       used 21192K, committed 21504K, reserved 1114112K
  class space    used 2807K, committed 2944K, reserved 1048576K
}
Event: 2.803 GC heap before
{Heap before GC invocations=5 (full 0):
 garbage-first heap   total reserved 3028992K, committed 55296K, used 37923K [0x0000000747200000, 0x0000000800000000)
  region size 2048K, 16 young (32768K), 4 survivors (8192K)
 Metaspace       used 25606K, committed 25920K, reserved 1114112K
  class space    used 3440K, committed 3584K, reserved 1048576K
}
Event: 2.812 GC heap after
{Heap after GC invocations=6 (full 0):
 garbage-first heap   total reserved 3028992K, committed 55296K, used 15821K [0x0000000747200000, 0x0000000800000000)
  region size 2048K, 2 young (4096K), 2 survivors (4096K)
 Metaspace       used 25606K, committed 25920K, reserved 1114112K
  class space    used 3440K, committed 3584K, reserved 1048576K
}
Event: 3.234 GC heap before
{Heap before GC invocations=6 (full 0):
 garbage-first heap   total reserved 3028992K, committed 55296K, used 40397K [0x0000000747200000, 0x0000000800000000)
  region size 2048K, 14 young (28672K), 2 survivors (4096K)
 Metaspace       used 29111K, committed 29568K, reserved 1114112K
  class space    used 3966K, committed 4160K, reserved 1048576K
}
Event: 3.242 GC heap after
{Heap after GC invocations=7 (full 0):
 garbage-first heap   total reserved 3028992K, committed 67584K, used 18391K [0x0000000747200000, 0x0000000800000000)
  region size 2048K, 2 young (4096K), 2 survivors (4096K)
 Metaspace       used 29111K, committed 29568K, reserved 1114112K
  class space    used 3966K, committed 4160K, reserved 1048576K
}
Event: 44.666 GC heap before
{Heap before GC invocations=7 (full 0):
 garbage-first heap   total reserved 3028992K, committed 71680K, used 63447K [0x0000000747200000, 0x0000000800000000)
  region size 2048K, 19 young (38912K), 2 survivors (4096K)
 Metaspace       used 35002K, committed 35456K, reserved 1114112K
  class space    used 4710K, committed 4928K, reserved 1048576K
}
Event: 44.671 GC heap after
{Heap after GC invocations=8 (full 0):
 garbage-first heap   total reserved 3028992K, committed 75776K, used 33864K [0x0000000747200000, 0x0000000800000000)
  region size 2048K, 3 young (6144K), 3 survivors (6144K)
 Metaspace       used 35002K, committed 35456K, reserved 1114112K
  class space    used 4710K, committed 4928K, reserved 1048576K
}
Event: 44.718 GC heap before
{Heap before GC invocations=8 (full 0):
 garbage-first heap   total reserved 3028992K, committed 75776K, used 37960K [0x0000000747200000, 0x0000000800000000)
  region size 2048K, 4 young (8192K), 3 survivors (6144K)
 Metaspace       used 35286K, committed 35712K, reserved 1114112K
  class space    used 4742K, committed 4928K, reserved 1048576K
}
Event: 44.722 GC heap after
{Heap after GC invocations=9 (full 0):
 garbage-first heap   total reserved 3028992K, committed 75776K, used 35721K [0x0000000747200000, 0x0000000800000000)
  region size 2048K, 1 young (2048K), 1 survivors (2048K)
 Metaspace       used 35286K, committed 35712K, reserved 1114112K
  class space    used 4742K, committed 4928K, reserved 1048576K
}

