# JRE version: OpenJDK Runtime Environment Corretto-22.0.1.8.1 (22.0.1+8) (build 22.0.1+8-FR)
# Java VM: OpenJDK 64-Bit Server VM Corretto-22.0.1.8.1 (22.0.1+8-FR, mixed mode, emulated-client, sharing, tiered, compressed oops, compressed class ptrs, g1 gc, linux-amd64)
GC Precious Log:
 CardTable entry size: 512
 Card Set container configuration: InlinePtr #cards 4 size 8 Array Of Cards #cards 16 size 48 Howl #buckets 8 coarsen threshold 3686 Howl Bitmap #cards 512 size 80 coarsen threshold 460 Card regions per heap region 1 cards per card region 4096
 CPUs: 4 total, 4 available
 Memory: 11828M
 Large Page Support: Disabled
 NUMA Support: Disabled
 Compressed Oops: Enabled (Zero based)
 Heap Region Size: 2M
 Heap Min Capacity: 8M
 Heap Initial Capacity: 186M
 Heap Max Capacity: 2958M
 Pre-touch: Disabled
 Parallel Workers: 4
 Concurrent Workers: 1
 Concurrent Refinement Workers: 4
 Periodic GC: Disabled
Heap:
 garbage-first heap   total reserved 3028992K, committed 73728K, used 66683K [0x0000000747200000, 0x0000000800000000)
  region size 2048K, 5 young (10240K), 1 survivors (2048K)
 Metaspace       used 34551K, committed 35008K, reserved 1114112K
  class space    used 4591K, committed 4800K, reserved 1048576K
GC Heap History (16 events):
Event: 0.683 GC heap before
{Heap before GC invocations=0 (full 0):
 garbage-first heap   total reserved 3028992K, committed 192512K, used 13346K [0x0000000747200000, 0x0000000800000000)
  region size 2048K, 7 young (14336K), 0 survivors (0K)
 Metaspace       used 4872K, committed 5056K, reserved 1114112K
  class space    used 583K, committed 704K, reserved 1048576K
}
Event: 0.689 GC heap after
{Heap after GC invocations=1 (full 0):
 garbage-first heap   total reserved 3028992K, committed 192512K, used 6724K [0x0000000747200000, 0x0000000800000000)
  region size 2048K, 1 young (2048K), 1 survivors (2048K)
 Metaspace       used 4872K, committed 5056K, reserved 1114112K
  class space    used 583K, committed 704K, reserved 1048576K
}
Event: 1.061 GC heap before
{Heap before GC invocations=1 (full 0):
 garbage-first heap   total reserved 3028992K, committed 192512K, used 19012K [0x0000000747200000, 0x0000000800000000)
  region size 2048K, 7 young (14336K), 1 survivors (2048K)
 Metaspace       used 8233K, committed 8512K, reserved 1114112K
  class space    used 1030K, committed 1152K, reserved 1048576K
}
Event: 1.067 GC heap after
{Heap after GC invocations=2 (full 0):
 garbage-first heap   total reserved 3028992K, committed 192512K, used 8562K [0x0000000747200000, 0x0000000800000000)
  region size 2048K, 1 young (2048K), 1 survivors (2048K)
 Metaspace       used 8233K, committed 8512K, reserved 1114112K
  class space    used 1030K, committed 1152K, reserved 1048576K
}
Event: 1.771 GC heap before
{Heap before GC invocations=2 (full 0):
 garbage-first heap   total reserved 3028992K, committed 192512K, used 39282K [0x0000000747200000, 0x0000000800000000)
  region size 2048K, 17 young (34816K), 1 survivors (2048K)
 Metaspace       used 17328K, committed 17600K, reserved 1114112K
  class space    used 2249K, committed 2368K, reserved 1048576K
}
Event: 1.777 GC heap after
{Heap after GC invocations=3 (full 0):
 garbage-first heap   total reserved 3028992K, committed 192512K, used 10813K [0x0000000747200000, 0x0000000800000000)
  region size 2048K, 2 young (4096K), 2 survivors (4096K)
 Metaspace       used 17328K, committed 17600K, reserved 1114112K
  class space    used 2249K, committed 2368K, reserved 1048576K
}
Event: 2.484 GC heap before
{Heap before GC invocations=3 (full 0):
 garbage-first heap   total reserved 3028992K, committed 192512K, used 41533K [0x0000000747200000, 0x0000000800000000)
  region size 2048K, 18 young (36864K), 2 survivors (4096K)
 Metaspace       used 21178K, committed 21504K, reserved 1114112K
  class space    used 2807K, committed 2944K, reserved 1048576K
}
Event: 2.490 GC heap after
{Heap after GC invocations=4 (full 0):
 garbage-first heap   total reserved 3028992K, committed 192512K, used 13177K [0x0000000747200000, 0x0000000800000000)
  region size 2048K, 4 young (8192K), 4 survivors (8192K)
 Metaspace       used 21178K, committed 21504K, reserved 1114112K
  class space    used 2807K, committed 2944K, reserved 1048576K
}
Event: 2.896 GC heap before
{Heap before GC invocations=5 (full 0):
 garbage-first heap   total reserved 3028992K, committed 55296K, used 37753K [0x0000000747200000, 0x0000000800000000)
  region size 2048K, 16 young (32768K), 4 survivors (8192K)
 Metaspace       used 25611K, committed 25984K, reserved 1114112K
  class space    used 3443K, committed 3584K, reserved 1048576K
}
Event: 2.905 GC heap after
{Heap after GC invocations=6 (full 0):
 garbage-first heap   total reserved 3028992K, committed 55296K, used 14909K [0x0000000747200000, 0x0000000800000000)
  region size 2048K, 2 young (4096K), 2 survivors (4096K)
 Metaspace       used 25611K, committed 25984K, reserved 1114112K
  class space    used 3443K, committed 3584K, reserved 1048576K
}
Event: 3.347 GC heap before
{Heap before GC invocations=6 (full 0):
 garbage-first heap   total reserved 3028992K, committed 55296K, used 41533K [0x0000000747200000, 0x0000000800000000)
  region size 2048K, 15 young (30720K), 2 survivors (4096K)
 Metaspace       used 29192K, committed 29632K, reserved 1114112K
  class space    used 3981K, committed 4160K, reserved 1048576K
}
Event: 3.356 GC heap after
{Heap after GC invocations=7 (full 0):
 garbage-first heap   total reserved 3028992K, committed 55296K, used 17975K [0x0000000747200000, 0x0000000800000000)
  region size 2048K, 2 young (4096K), 2 survivors (4096K)
 Metaspace       used 29192K, committed 29632K, reserved 1114112K
  class space    used 3981K, committed 4160K, reserved 1048576K
}
Event: 11.203 GC heap before
{Heap before GC invocations=7 (full 0):
 garbage-first heap   total reserved 3028992K, committed 55296K, used 30263K [0x0000000747200000, 0x0000000800000000)
  region size 2048K, 9 young (18432K), 2 survivors (4096K)
 Metaspace       used 32516K, committed 32960K, reserved 1114112K
  class space    used 4372K, committed 4544K, reserved 1048576K
}
Event: 11.209 GC heap after
{Heap after GC invocations=8 (full 0):
 garbage-first heap   total reserved 3028992K, committed 55296K, used 19734K [0x0000000747200000, 0x0000000800000000)
  region size 2048K, 1 young (2048K), 1 survivors (2048K)
 Metaspace       used 32516K, committed 32960K, reserved 1114112K
  class space    used 4372K, committed 4544K, reserved 1048576K
}
Event: 11.268 GC heap before
{Heap before GC invocations=8 (full 0):
 garbage-first heap   total reserved 3028992K, committed 55296K, used 34070K [0x0000000747200000, 0x0000000800000000)
  region size 2048K, 5 young (10240K), 1 survivors (2048K)
 Metaspace       used 32616K, committed 33088K, reserved 1114112K
  class space    used 4380K, committed 4544K, reserved 1048576K
}
Event: 11.270 GC heap after
{Heap after GC invocations=9 (full 0):
 garbage-first heap   total reserved 3028992K, committed 55296K, used 27771K [0x0000000747200000, 0x0000000800000000)
  region size 2048K, 1 young (2048K), 1 survivors (2048K)
 Metaspace       used 32616K, committed 33088K, reserved 1114112K
  class space    used 4380K, committed 4544K, reserved 1048576K
}

